<?xml version="1.0" encoding="UTF-8"?>
<!-- Generated by org.testng.reporters.JUnitXMLReporter -->
<testsuite ignored="1" hostname="DESKTOP-BUF4GB5" failures="0" tests="1" name="OpenCartTest" time="7.415" errors="0" timestamp="2023-08-18T16:34:42 IST">
  <testcase classname="testCases.TC_002_LoginTest" name="test_login" time="1.276"/>
  <testcase classname="testCases.TC_001_AccRegistrationTest" name="test_account_Reg" time="0.0">
    <ignored/>
  </testcase> <!-- test_account_Reg -->
</testsuite> <!-- OpenCartTest -->
